1749622460.375301 client started (26398): version 3.5a, socket /tmp/tmux-1000/default, protocol 8
1749622460.375314 on Linux 5.15.167.4-microsoft-standard-WSL2 #1 SMP Tue Nov 5 00:21:55 UTC 2024
1749622460.375317 using libevent 2.1.12-stable poll
1749622460.375347 using utf8proc 2.10.0
1749622460.375350 using ncurses 6.5 20240427
1749622460.375365 flags are 0x18010000
1749622460.375368 socket is /tmp/tmux-1000/default
1749622460.375374 trying connect
1749622460.375382 connect failed: No such file or directory
1749622460.375386 lock file is /tmp/tmux-1000/default.lock
1749622460.375421 flock succeeded
1749622460.375424 got lock (6)
1749622460.375426 trying connect
1749622460.375429 connect failed: No such file or directory
1749622460.375551 add peer 0x5602f87a67e0: 7 ((nil))
1749622460.376761 sending message 111 to peer 0x5602f87a67e0 (8 bytes)
1749622460.376769 sending message 111 to peer 0x5602f87a67e0 (8 bytes)
1749622460.376772 sending message 101 to peer 0x5602f87a67e0 (15 bytes)
1749622460.376774 sending message 109 to peer 0x5602f87a67e0 (4 bytes)
1749622460.376776 sending message 102 to peer 0x5602f87a67e0 (11 bytes)
1749622460.376778 sending message 108 to peer 0x5602f87a67e0 (53 bytes)
1749622460.376779 sending message 112 to peer 0x5602f87a67e0 (58 bytes)
1749622460.376781 sending message 112 to peer 0x5602f87a67e0 (5 bytes)
1749622460.376783 sending message 112 to peer 0x5602f87a67e0 (5 bytes)
1749622460.376785 sending message 112 to peer 0x5602f87a67e0 (6 bytes)
1749622460.376786 sending message 112 to peer 0x5602f87a67e0 (6 bytes)
1749622460.376788 sending message 112 to peer 0x5602f87a67e0 (11 bytes)
1749622460.376789 sending message 112 to peer 0x5602f87a67e0 (10 bytes)
1749622460.376791 sending message 112 to peer 0x5602f87a67e0 (13 bytes)
1749622460.376792 sending message 112 to peer 0x5602f87a67e0 (14 bytes)
1749622460.376794 sending message 112 to peer 0x5602f87a67e0 (19 bytes)
1749622460.376795 sending message 112 to peer 0x5602f87a67e0 (11 bytes)
1749622460.376797 sending message 112 to peer 0x5602f87a67e0 (10 bytes)
1749622460.376798 sending message 112 to peer 0x5602f87a67e0 (15 bytes)
1749622460.376800 sending message 112 to peer 0x5602f87a67e0 (21 bytes)
1749622460.376801 sending message 112 to peer 0x5602f87a67e0 (13 bytes)
1749622460.376803 sending message 112 to peer 0x5602f87a67e0 (7 bytes)
1749622460.376804 sending message 112 to peer 0x5602f87a67e0 (13 bytes)
1749622460.376806 sending message 112 to peer 0x5602f87a67e0 (7 bytes)
1749622460.376807 sending message 112 to peer 0x5602f87a67e0 (13 bytes)
1749622460.376809 sending message 112 to peer 0x5602f87a67e0 (9 bytes)
1749622460.376810 sending message 112 to peer 0x5602f87a67e0 (21 bytes)
1749622460.376812 sending message 112 to peer 0x5602f87a67e0 (13 bytes)
1749622460.376813 sending message 112 to peer 0x5602f87a67e0 (9 bytes)
1749622460.376815 sending message 112 to peer 0x5602f87a67e0 (16 bytes)
1749622460.376816 sending message 112 to peer 0x5602f87a67e0 (13 bytes)
1749622460.376817 sending message 112 to peer 0x5602f87a67e0 (9 bytes)
1749622460.376819 sending message 112 to peer 0x5602f87a67e0 (9 bytes)
1749622460.376820 sending message 112 to peer 0x5602f87a67e0 (12 bytes)
1749622460.376822 sending message 112 to peer 0x5602f87a67e0 (8 bytes)
1749622460.376823 sending message 112 to peer 0x5602f87a67e0 (8 bytes)
1749622460.376825 sending message 112 to peer 0x5602f87a67e0 (13 bytes)
1749622460.376827 sending message 112 to peer 0x5602f87a67e0 (7 bytes)
1749622460.376828 sending message 112 to peer 0x5602f87a67e0 (7 bytes)
1749622460.376830 sending message 112 to peer 0x5602f87a67e0 (9 bytes)
1749622460.376831 sending message 112 to peer 0x5602f87a67e0 (9 bytes)
1749622460.376833 sending message 112 to peer 0x5602f87a67e0 (15 bytes)
1749622460.376834 sending message 112 to peer 0x5602f87a67e0 (13 bytes)
1749622460.376836 sending message 112 to peer 0x5602f87a67e0 (12 bytes)
1749622460.376837 sending message 112 to peer 0x5602f87a67e0 (8 bytes)
1749622460.376839 sending message 112 to peer 0x5602f87a67e0 (14 bytes)
1749622460.376840 sending message 112 to peer 0x5602f87a67e0 (11 bytes)
1749622460.376846 sending message 112 to peer 0x5602f87a67e0 (9 bytes)
1749622460.376847 sending message 112 to peer 0x5602f87a67e0 (10 bytes)
1749622460.376849 sending message 112 to peer 0x5602f87a67e0 (10 bytes)
1749622460.376850 sending message 112 to peer 0x5602f87a67e0 (10 bytes)
1749622460.376852 sending message 112 to peer 0x5602f87a67e0 (10 bytes)
1749622460.376853 sending message 112 to peer 0x5602f87a67e0 (11 bytes)
1749622460.376855 sending message 112 to peer 0x5602f87a67e0 (12 bytes)
1749622460.376856 sending message 112 to peer 0x5602f87a67e0 (12 bytes)
1749622460.376858 sending message 112 to peer 0x5602f87a67e0 (12 bytes)
1749622460.376859 sending message 112 to peer 0x5602f87a67e0 (12 bytes)
1749622460.376861 sending message 112 to peer 0x5602f87a67e0 (12 bytes)
1749622460.376862 sending message 112 to peer 0x5602f87a67e0 (11 bytes)
1749622460.376864 sending message 112 to peer 0x5602f87a67e0 (11 bytes)
1749622460.376865 sending message 112 to peer 0x5602f87a67e0 (12 bytes)
1749622460.376867 sending message 112 to peer 0x5602f87a67e0 (12 bytes)
1749622460.376868 sending message 112 to peer 0x5602f87a67e0 (12 bytes)
1749622460.376870 sending message 112 to peer 0x5602f87a67e0 (12 bytes)
1749622460.376871 sending message 112 to peer 0x5602f87a67e0 (12 bytes)
1749622460.376873 sending message 112 to peer 0x5602f87a67e0 (9 bytes)
1749622460.376874 sending message 112 to peer 0x5602f87a67e0 (12 bytes)
1749622460.376876 sending message 112 to peer 0x5602f87a67e0 (13 bytes)
1749622460.376877 sending message 112 to peer 0x5602f87a67e0 (13 bytes)
1749622460.376879 sending message 112 to peer 0x5602f87a67e0 (13 bytes)
1749622460.376880 sending message 112 to peer 0x5602f87a67e0 (13 bytes)
1749622460.376882 sending message 112 to peer 0x5602f87a67e0 (13 bytes)
1749622460.376883 sending message 112 to peer 0x5602f87a67e0 (8 bytes)
1749622460.376885 sending message 112 to peer 0x5602f87a67e0 (11 bytes)
1749622460.376886 sending message 112 to peer 0x5602f87a67e0 (11 bytes)
1749622460.376888 sending message 112 to peer 0x5602f87a67e0 (11 bytes)
1749622460.376889 sending message 112 to peer 0x5602f87a67e0 (12 bytes)
1749622460.376891 sending message 112 to peer 0x5602f87a67e0 (12 bytes)
1749622460.376892 sending message 112 to peer 0x5602f87a67e0 (12 bytes)
1749622460.376894 sending message 112 to peer 0x5602f87a67e0 (12 bytes)
1749622460.376895 sending message 112 to peer 0x5602f87a67e0 (13 bytes)
1749622460.376897 sending message 112 to peer 0x5602f87a67e0 (13 bytes)
1749622460.376898 sending message 112 to peer 0x5602f87a67e0 (13 bytes)
1749622460.376900 sending message 112 to peer 0x5602f87a67e0 (8 bytes)
1749622460.376901 sending message 112 to peer 0x5602f87a67e0 (13 bytes)
1749622460.376902 sending message 112 to peer 0x5602f87a67e0 (13 bytes)
1749622460.376904 sending message 112 to peer 0x5602f87a67e0 (13 bytes)
1749622460.376905 sending message 112 to peer 0x5602f87a67e0 (13 bytes)
1749622460.376907 sending message 112 to peer 0x5602f87a67e0 (13 bytes)
1749622460.376908 sending message 112 to peer 0x5602f87a67e0 (12 bytes)
1749622460.376910 sending message 112 to peer 0x5602f87a67e0 (12 bytes)
1749622460.376911 sending message 112 to peer 0x5602f87a67e0 (12 bytes)
1749622460.376913 sending message 112 to peer 0x5602f87a67e0 (12 bytes)
1749622460.376914 sending message 112 to peer 0x5602f87a67e0 (13 bytes)
1749622460.376916 sending message 112 to peer 0x5602f87a67e0 (8 bytes)
1749622460.376918 sending message 112 to peer 0x5602f87a67e0 (13 bytes)
1749622460.376919 sending message 112 to peer 0x5602f87a67e0 (13 bytes)
1749622460.376921 sending message 112 to peer 0x5602f87a67e0 (13 bytes)
1749622460.376922 sending message 112 to peer 0x5602f87a67e0 (13 bytes)
1749622460.376924 sending message 112 to peer 0x5602f87a67e0 (13 bytes)
1749622460.376925 sending message 112 to peer 0x5602f87a67e0 (13 bytes)
1749622460.376927 sending message 112 to peer 0x5602f87a67e0 (13 bytes)
1749622460.376928 sending message 112 to peer 0x5602f87a67e0 (12 bytes)
1749622460.376930 sending message 112 to peer 0x5602f87a67e0 (12 bytes)
1749622460.376933 sending message 112 to peer 0x5602f87a67e0 (12 bytes)
1749622460.376934 sending message 112 to peer 0x5602f87a67e0 (8 bytes)
1749622460.376936 sending message 112 to peer 0x5602f87a67e0 (12 bytes)
1749622460.376937 sending message 112 to peer 0x5602f87a67e0 (13 bytes)
1749622460.376939 sending message 112 to peer 0x5602f87a67e0 (13 bytes)
1749622460.376940 sending message 112 to peer 0x5602f87a67e0 (13 bytes)
1749622460.376942 sending message 112 to peer 0x5602f87a67e0 (13 bytes)
1749622460.376943 sending message 112 to peer 0x5602f87a67e0 (13 bytes)
1749622460.376945 sending message 112 to peer 0x5602f87a67e0 (13 bytes)
1749622460.376946 sending message 112 to peer 0x5602f87a67e0 (13 bytes)
1749622460.376948 sending message 112 to peer 0x5602f87a67e0 (13 bytes)
1749622460.376949 sending message 112 to peer 0x5602f87a67e0 (12 bytes)
1749622460.376951 sending message 112 to peer 0x5602f87a67e0 (10 bytes)
1749622460.376952 sending message 112 to peer 0x5602f87a67e0 (12 bytes)
1749622460.376954 sending message 112 to peer 0x5602f87a67e0 (12 bytes)
1749622460.376955 sending message 112 to peer 0x5602f87a67e0 (12 bytes)
1749622460.376957 sending message 112 to peer 0x5602f87a67e0 (13 bytes)
1749622460.376958 sending message 112 to peer 0x5602f87a67e0 (13 bytes)
1749622460.376960 sending message 112 to peer 0x5602f87a67e0 (13 bytes)
1749622460.376961 sending message 112 to peer 0x5602f87a67e0 (13 bytes)
1749622460.376963 sending message 112 to peer 0x5602f87a67e0 (13 bytes)
1749622460.376964 sending message 112 to peer 0x5602f87a67e0 (13 bytes)
1749622460.376966 sending message 112 to peer 0x5602f87a67e0 (13 bytes)
1749622460.376967 sending message 112 to peer 0x5602f87a67e0 (10 bytes)
1749622460.376969 sending message 112 to peer 0x5602f87a67e0 (13 bytes)
1749622460.376970 sending message 112 to peer 0x5602f87a67e0 (12 bytes)
1749622460.376972 sending message 112 to peer 0x5602f87a67e0 (12 bytes)
1749622460.376973 sending message 112 to peer 0x5602f87a67e0 (12 bytes)
1749622460.376975 sending message 112 to peer 0x5602f87a67e0 (10 bytes)
1749622460.376976 sending message 112 to peer 0x5602f87a67e0 (10 bytes)
1749622460.376978 sending message 112 to peer 0x5602f87a67e0 (10 bytes)
1749622460.376979 sending message 112 to peer 0x5602f87a67e0 (12 bytes)
1749622460.376981 sending message 112 to peer 0x5602f87a67e0 (13 bytes)
1749622460.376982 sending message 112 to peer 0x5602f87a67e0 (13 bytes)
1749622460.376984 sending message 112 to peer 0x5602f87a67e0 (13 bytes)
1749622460.376985 sending message 112 to peer 0x5602f87a67e0 (13 bytes)
1749622460.376987 sending message 112 to peer 0x5602f87a67e0 (13 bytes)
1749622460.376988 sending message 112 to peer 0x5602f87a67e0 (10 bytes)
1749622460.376990 sending message 112 to peer 0x5602f87a67e0 (11 bytes)
1749622460.376991 sending message 112 to peer 0x5602f87a67e0 (12 bytes)
1749622460.376992 sending message 112 to peer 0x5602f87a67e0 (12 bytes)
1749622460.376994 sending message 112 to peer 0x5602f87a67e0 (12 bytes)
1749622460.376995 sending message 112 to peer 0x5602f87a67e0 (12 bytes)
1749622460.376997 sending message 112 to peer 0x5602f87a67e0 (12 bytes)
1749622460.376998 sending message 112 to peer 0x5602f87a67e0 (11 bytes)
1749622460.377000 sending message 112 to peer 0x5602f87a67e0 (12 bytes)
1749622460.377001 sending message 112 to peer 0x5602f87a67e0 (12 bytes)
1749622460.377002 sending message 112 to peer 0x5602f87a67e0 (13 bytes)
1749622460.377004 sending message 112 to peer 0x5602f87a67e0 (13 bytes)
1749622460.377005 sending message 112 to peer 0x5602f87a67e0 (13 bytes)
1749622460.377007 sending message 112 to peer 0x5602f87a67e0 (13 bytes)
1749622460.377008 sending message 112 to peer 0x5602f87a67e0 (13 bytes)
1749622460.377010 sending message 112 to peer 0x5602f87a67e0 (10 bytes)
1749622460.377011 sending message 112 to peer 0x5602f87a67e0 (9 bytes)
1749622460.377013 sending message 112 to peer 0x5602f87a67e0 (12 bytes)
1749622460.377015 sending message 112 to peer 0x5602f87a67e0 (13 bytes)
1749622460.377016 sending message 112 to peer 0x5602f87a67e0 (13 bytes)
1749622460.377019 sending message 112 to peer 0x5602f87a67e0 (13 bytes)
1749622460.377021 sending message 112 to peer 0x5602f87a67e0 (13 bytes)
1749622460.377022 sending message 112 to peer 0x5602f87a67e0 (13 bytes)
1749622460.377024 sending message 112 to peer 0x5602f87a67e0 (9 bytes)
1749622460.377025 sending message 112 to peer 0x5602f87a67e0 (12 bytes)
1749622460.377027 sending message 112 to peer 0x5602f87a67e0 (13 bytes)
1749622460.377028 sending message 112 to peer 0x5602f87a67e0 (13 bytes)
1749622460.377030 sending message 112 to peer 0x5602f87a67e0 (13 bytes)
1749622460.377031 sending message 112 to peer 0x5602f87a67e0 (13 bytes)
1749622460.377033 sending message 112 to peer 0x5602f87a67e0 (13 bytes)
1749622460.377034 sending message 112 to peer 0x5602f87a67e0 (11 bytes)
1749622460.377036 sending message 112 to peer 0x5602f87a67e0 (12 bytes)
1749622460.377037 sending message 112 to peer 0x5602f87a67e0 (13 bytes)
1749622460.377039 sending message 112 to peer 0x5602f87a67e0 (13 bytes)
1749622460.377040 sending message 112 to peer 0x5602f87a67e0 (13 bytes)
1749622460.377042 sending message 112 to peer 0x5602f87a67e0 (13 bytes)
1749622460.377043 sending message 112 to peer 0x5602f87a67e0 (13 bytes)
1749622460.377045 sending message 112 to peer 0x5602f87a67e0 (11 bytes)
1749622460.377046 sending message 112 to peer 0x5602f87a67e0 (12 bytes)
1749622460.377048 sending message 112 to peer 0x5602f87a67e0 (12 bytes)
1749622460.377050 sending message 112 to peer 0x5602f87a67e0 (12 bytes)
1749622460.377051 sending message 112 to peer 0x5602f87a67e0 (12 bytes)
1749622460.377053 sending message 112 to peer 0x5602f87a67e0 (12 bytes)
1749622460.377055 sending message 112 to peer 0x5602f87a67e0 (21 bytes)
1749622460.377056 sending message 112 to peer 0x5602f87a67e0 (12 bytes)
1749622460.377058 sending message 112 to peer 0x5602f87a67e0 (9 bytes)
1749622460.377060 sending message 112 to peer 0x5602f87a67e0 (6 bytes)
1749622460.377061 sending message 112 to peer 0x5602f87a67e0 (13 bytes)
1749622460.377063 sending message 112 to peer 0x5602f87a67e0 (10 bytes)
1749622460.377065 sending message 112 to peer 0x5602f87a67e0 (24 bytes)
1749622460.377066 sending message 112 to peer 0x5602f87a67e0 (13 bytes)
1749622460.377068 sending message 112 to peer 0x5602f87a67e0 (9 bytes)
1749622460.377070 sending message 112 to peer 0x5602f87a67e0 (70 bytes)
1749622460.377071 sending message 112 to peer 0x5602f87a67e0 (69 bytes)
1749622460.377073 sending message 112 to peer 0x5602f87a67e0 (12 bytes)
1749622460.377075 sending message 112 to peer 0x5602f87a67e0 (10 bytes)
1749622460.377076 sending message 112 to peer 0x5602f87a67e0 (10 bytes)
1749622460.377078 sending message 112 to peer 0x5602f87a67e0 (24 bytes)
1749622460.377079 sending message 112 to peer 0x5602f87a67e0 (13 bytes)
1749622460.377081 sending message 112 to peer 0x5602f87a67e0 (10 bytes)
1749622460.377083 sending message 112 to peer 0x5602f87a67e0 (10 bytes)
1749622460.377084 sending message 112 to peer 0x5602f87a67e0 (10 bytes)
1749622460.377086 sending message 112 to peer 0x5602f87a67e0 (13 bytes)
1749622460.377087 sending message 112 to peer 0x5602f87a67e0 (15 bytes)
1749622460.377089 sending message 112 to peer 0x5602f87a67e0 (5 bytes)
1749622460.377091 sending message 104 to peer 0x5602f87a67e0 (0 bytes)
1749622460.377093 sending message 110 to peer 0x5602f87a67e0 (0 bytes)
1749622460.377095 sending message 107 to peer 0x5602f87a67e0 (4 bytes)
1749622460.377096 sending message 105 to peer 0x5602f87a67e0 (16 bytes)
1749622460.377098 sending message 105 to peer 0x5602f87a67e0 (20 bytes)
1749622460.377100 sending message 105 to peer 0x5602f87a67e0 (24 bytes)
1749622460.377101 sending message 105 to peer 0x5602f87a67e0 (46 bytes)
1749622460.377103 sending message 105 to peer 0x5602f87a67e0 (29 bytes)
1749622460.377105 sending message 105 to peer 0x5602f87a67e0 (43 bytes)
1749622460.377106 sending message 105 to peer 0x5602f87a67e0 (16 bytes)
1749622460.377108 sending message 105 to peer 0x5602f87a67e0 (57 bytes)
1749622460.377112 sending message 105 to peer 0x5602f87a67e0 (19 bytes)
1749622460.377114 sending message 105 to peer 0x5602f87a67e0 (22 bytes)
1749622460.377115 sending message 105 to peer 0x5602f87a67e0 (13 bytes)
1749622460.377116 sending message 105 to peer 0x5602f87a67e0 (33 bytes)
1749622460.377118 sending message 105 to peer 0x5602f87a67e0 (1519 bytes)
1749622460.377125 sending message 105 to peer 0x5602f87a67e0 (26 bytes)
1749622460.377127 sending message 105 to peer 0x5602f87a67e0 (48 bytes)
1749622460.377128 sending message 105 to peer 0x5602f87a67e0 (34 bytes)
1749622460.377129 sending message 105 to peer 0x5602f87a67e0 (20 bytes)
1749622460.377131 sending message 105 to peer 0x5602f87a67e0 (32 bytes)
1749622460.377132 sending message 105 to peer 0x5602f87a67e0 (16 bytes)
1749622460.377133 sending message 105 to peer 0x5602f87a67e0 (50 bytes)
1749622460.377134 sending message 105 to peer 0x5602f87a67e0 (11 bytes)
1749622460.377136 sending message 105 to peer 0x5602f87a67e0 (8 bytes)
1749622460.377137 sending message 105 to peer 0x5602f87a67e0 (56 bytes)
1749622460.377138 sending message 105 to peer 0x5602f87a67e0 (32 bytes)
1749622460.377140 sending message 105 to peer 0x5602f87a67e0 (56 bytes)
1749622460.377141 sending message 105 to peer 0x5602f87a67e0 (65 bytes)
1749622460.377142 sending message 105 to peer 0x5602f87a67e0 (1128 bytes)
1749622460.377144 sending message 105 to peer 0x5602f87a67e0 (54 bytes)
1749622460.377146 sending message 105 to peer 0x5602f87a67e0 (16 bytes)
1749622460.377147 sending message 105 to peer 0x5602f87a67e0 (40 bytes)
1749622460.377148 sending message 105 to peer 0x5602f87a67e0 (21 bytes)
1749622460.377149 sending message 105 to peer 0x5602f87a67e0 (38 bytes)
1749622460.377151 sending message 105 to peer 0x5602f87a67e0 (52 bytes)
1749622460.377152 sending message 106 to peer 0x5602f87a67e0 (0 bytes)
1749622460.377197 sending message 200 to peer 0x5602f87a67e0 (4 bytes)
1749622460.377200 client loop enter
1749622460.377209 client_signal: Child exited
1749622460.400026 peer 0x5602f87a67e0 message 207
1749622460.400035 sending message 208 to peer 0x5602f87a67e0 (0 bytes)
1749622477.406752 peer 0x5602f87a67e0 message 203
1749622477.406763 sending message 205 to peer 0x5602f87a67e0 (0 bytes)
1749622477.406915 peer 0x5602f87a67e0 message 204
1749622477.406918 client loop exit
